<?xml version="1.0" encoding="UTF-8"?>
<testsuite xmlns:xsi="http://www.w3.org/2001/XMLSchema-instance" xsi:noNamespaceSchemaLocation="https://maven.apache.org/surefire/maven-surefire-plugin/xsd/surefire-test-report.xsd" name="mflix.api.daos.TimeoutsTest" time="0.656" tests="2" errors="2" skipped="0" failures="0">
  <properties>
    <property name="sun.desktop" value="windows"/>
    <property name="awt.toolkit" value="sun.awt.windows.WToolkit"/>
    <property name="file.encoding.pkg" value="sun.io"/>
    <property name="java.specification.version" value="1.8"/>
    <property name="sun.cpu.isalist" value="amd64"/>
    <property name="sun.jnu.encoding" value="Cp1252"/>
    <property name="java.class.path" value="D:\Projects\mflix\target\test-classes;D:\Projects\mflix\target\classes;C:\Users\gogan\.m2\repository\org\springframework\boot\spring-boot-starter-web\2.0.3.RELEASE\spring-boot-starter-web-2.0.3.RELEASE.jar;C:\Users\gogan\.m2\repository\org\springframework\boot\spring-boot-starter\2.0.3.RELEASE\spring-boot-starter-2.0.3.RELEASE.jar;C:\Users\gogan\.m2\repository\org\springframework\boot\spring-boot-starter-logging\2.0.3.RELEASE\spring-boot-starter-logging-2.0.3.RELEASE.jar;C:\Users\gogan\.m2\repository\ch\qos\logback\logback-classic\1.2.3\logback-classic-1.2.3.jar;C:\Users\gogan\.m2\repository\ch\qos\logback\logback-core\1.2.3\logback-core-1.2.3.jar;C:\Users\gogan\.m2\repository\org\apache\logging\log4j\log4j-to-slf4j\2.10.0\log4j-to-slf4j-2.10.0.jar;C:\Users\gogan\.m2\repository\org\apache\logging\log4j\log4j-api\2.10.0\log4j-api-2.10.0.jar;C:\Users\gogan\.m2\repository\org\slf4j\jul-to-slf4j\1.7.25\jul-to-slf4j-1.7.25.jar;C:\Users\gogan\.m2\repository\javax\annotation\javax.annotation-api\1.3.2\javax.annotation-api-1.3.2.jar;C:\Users\gogan\.m2\repository\org\yaml\snakeyaml\1.19\snakeyaml-1.19.jar;C:\Users\gogan\.m2\repository\org\springframework\boot\spring-boot-starter-json\2.0.3.RELEASE\spring-boot-starter-json-2.0.3.RELEASE.jar;C:\Users\gogan\.m2\repository\com\fasterxml\jackson\datatype\jackson-datatype-jdk8\2.9.6\jackson-datatype-jdk8-2.9.6.jar;C:\Users\gogan\.m2\repository\com\fasterxml\jackson\datatype\jackson-datatype-jsr310\2.9.6\jackson-datatype-jsr310-2.9.6.jar;C:\Users\gogan\.m2\repository\com\fasterxml\jackson\module\jackson-module-parameter-names\2.9.6\jackson-module-parameter-names-2.9.6.jar;C:\Users\gogan\.m2\repository\org\springframework\boot\spring-boot-starter-tomcat\2.0.3.RELEASE\spring-boot-starter-tomcat-2.0.3.RELEASE.jar;C:\Users\gogan\.m2\repository\org\apache\tomcat\embed\tomcat-embed-core\8.5.31\tomcat-embed-core-8.5.31.jar;C:\Users\gogan\.m2\repository\org\apache\tomcat\embed\tomcat-embed-el\8.5.31\tomcat-embed-el-8.5.31.jar;C:\Users\gogan\.m2\repository\org\apache\tomcat\embed\tomcat-embed-websocket\8.5.31\tomcat-embed-websocket-8.5.31.jar;C:\Users\gogan\.m2\repository\org\hibernate\validator\hibernate-validator\6.0.10.Final\hibernate-validator-6.0.10.Final.jar;C:\Users\gogan\.m2\repository\javax\validation\validation-api\2.0.1.Final\validation-api-2.0.1.Final.jar;C:\Users\gogan\.m2\repository\org\jboss\logging\jboss-logging\3.3.2.Final\jboss-logging-3.3.2.Final.jar;C:\Users\gogan\.m2\repository\com\fasterxml\classmate\1.3.4\classmate-1.3.4.jar;C:\Users\gogan\.m2\repository\org\springframework\spring-webmvc\5.0.7.RELEASE\spring-webmvc-5.0.7.RELEASE.jar;C:\Users\gogan\.m2\repository\org\springframework\boot\spring-boot-starter-test\2.0.3.RELEASE\spring-boot-starter-test-2.0.3.RELEASE.jar;C:\Users\gogan\.m2\repository\org\springframework\boot\spring-boot-test\2.0.3.RELEASE\spring-boot-test-2.0.3.RELEASE.jar;C:\Users\gogan\.m2\repository\org\springframework\boot\spring-boot-test-autoconfigure\2.0.3.RELEASE\spring-boot-test-autoconfigure-2.0.3.RELEASE.jar;C:\Users\gogan\.m2\repository\com\jayway\jsonpath\json-path\2.4.0\json-path-2.4.0.jar;C:\Users\gogan\.m2\repository\net\minidev\json-smart\2.3\json-smart-2.3.jar;C:\Users\gogan\.m2\repository\net\minidev\accessors-smart\1.2\accessors-smart-1.2.jar;C:\Users\gogan\.m2\repository\org\ow2\asm\asm\5.0.4\asm-5.0.4.jar;C:\Users\gogan\.m2\repository\org\slf4j\slf4j-api\1.7.25\slf4j-api-1.7.25.jar;C:\Users\gogan\.m2\repository\junit\junit\4.12\junit-4.12.jar;C:\Users\gogan\.m2\repository\org\assertj\assertj-core\3.9.1\assertj-core-3.9.1.jar;C:\Users\gogan\.m2\repository\org\mockito\mockito-core\2.15.0\mockito-core-2.15.0.jar;C:\Users\gogan\.m2\repository\net\bytebuddy\byte-buddy\1.7.9\byte-buddy-1.7.9.jar;C:\Users\gogan\.m2\repository\net\bytebuddy\byte-buddy-agent\1.7.9\byte-buddy-agent-1.7.9.jar;C:\Users\gogan\.m2\repository\org\objenesis\objenesis\2.6\objenesis-2.6.jar;C:\Users\gogan\.m2\repository\org\hamcrest\hamcrest-core\1.3\hamcrest-core-1.3.jar;C:\Users\gogan\.m2\repository\org\hamcrest\hamcrest-library\1.3\hamcrest-library-1.3.jar;C:\Users\gogan\.m2\repository\org\skyscreamer\jsonassert\1.5.0\jsonassert-1.5.0.jar;C:\Users\gogan\.m2\repository\com\vaadin\external\google\android-json\0.0.20131108.vaadin1\android-json-0.0.20131108.vaadin1.jar;C:\Users\gogan\.m2\repository\org\springframework\spring-test\5.0.7.RELEASE\spring-test-5.0.7.RELEASE.jar;C:\Users\gogan\.m2\repository\org\xmlunit\xmlunit-core\2.5.1\xmlunit-core-2.5.1.jar;C:\Users\gogan\.m2\repository\org\springframework\boot\spring-boot-starter-security\2.0.4.RELEASE\spring-boot-starter-security-2.0.4.RELEASE.jar;C:\Users\gogan\.m2\repository\org\springframework\spring-aop\5.0.8.RELEASE\spring-aop-5.0.8.RELEASE.jar;C:\Users\gogan\.m2\repository\org\springframework\security\spring-security-config\5.0.7.RELEASE\spring-security-config-5.0.7.RELEASE.jar;C:\Users\gogan\.m2\repository\org\springframework\security\spring-security-core\5.0.7.RELEASE\spring-security-core-5.0.7.RELEASE.jar;C:\Users\gogan\.m2\repository\org\springframework\security\spring-security-web\5.0.7.RELEASE\spring-security-web-5.0.7.RELEASE.jar;C:\Users\gogan\.m2\repository\org\springframework\boot\spring-boot\2.0.4.RELEASE\spring-boot-2.0.4.RELEASE.jar;C:\Users\gogan\.m2\repository\org\springframework\spring-context\5.0.7.RELEASE\spring-context-5.0.7.RELEASE.jar;C:\Users\gogan\.m2\repository\org\springframework\spring-beans\5.0.7.RELEASE\spring-beans-5.0.7.RELEASE.jar;C:\Users\gogan\.m2\repository\org\springframework\spring-expression\5.0.7.RELEASE\spring-expression-5.0.7.RELEASE.jar;C:\Users\gogan\.m2\repository\org\springframework\spring-core\5.0.7.RELEASE\spring-core-5.0.7.RELEASE.jar;C:\Users\gogan\.m2\repository\org\springframework\spring-jcl\5.0.7.RELEASE\spring-jcl-5.0.7.RELEASE.jar;C:\Users\gogan\.m2\repository\org\springframework\boot\spring-boot-autoconfigure\2.0.3.RELEASE\spring-boot-autoconfigure-2.0.3.RELEASE.jar;C:\Users\gogan\.m2\repository\org\springframework\spring-web\5.0.7.RELEASE\spring-web-5.0.7.RELEASE.jar;C:\Users\gogan\.m2\repository\io\jsonwebtoken\jjwt\0.9.1\jjwt-0.9.1.jar;C:\Users\gogan\.m2\repository\com\fasterxml\jackson\core\jackson-databind\2.9.6\jackson-databind-2.9.6.jar;C:\Users\gogan\.m2\repository\com\fasterxml\jackson\core\jackson-annotations\2.9.0\jackson-annotations-2.9.0.jar;C:\Users\gogan\.m2\repository\com\fasterxml\jackson\core\jackson-core\2.9.6\jackson-core-2.9.6.jar;C:\Users\gogan\.m2\repository\org\junit\jupiter\junit-jupiter-api\5.1.0\junit-jupiter-api-5.1.0.jar;C:\Users\gogan\.m2\repository\org\apiguardian\apiguardian-api\1.0.0\apiguardian-api-1.0.0.jar;C:\Users\gogan\.m2\repository\org\opentest4j\opentest4j\1.0.0\opentest4j-1.0.0.jar;C:\Users\gogan\.m2\repository\org\junit\platform\junit-platform-commons\1.1.0\junit-platform-commons-1.1.0.jar;C:\Users\gogan\.m2\repository\org\mongodb\mongodb-driver-sync\3.9.1\mongodb-driver-sync-3.9.1.jar;C:\Users\gogan\.m2\repository\org\mongodb\bson\3.9.1\bson-3.9.1.jar;C:\Users\gogan\.m2\repository\org\mongodb\mongodb-driver-core\3.9.1\mongodb-driver-core-3.9.1.jar;"/>
    <property name="java.vm.vendor" value="Oracle Corporation"/>
    <property name="sun.arch.data.model" value="64"/>
    <property name="user.variant" value=""/>
    <property name="java.vendor.url" value="http://java.oracle.com/"/>
    <property name="user.timezone" value="Europe/Athens"/>
    <property name="java.vm.specification.version" value="1.8"/>
    <property name="os.name" value="Windows 10"/>
    <property name="user.country" value="US"/>
    <property name="sun.java.launcher" value="SUN_STANDARD"/>
    <property name="sun.boot.library.path" value="C:\Program Files\Java\jdk1.8.0_261\jre\bin"/>
    <property name="sun.java.command" value="C:\Users\gogan\AppData\Local\Temp\surefire6446073090955438581\surefirebooter7638305967795773324.jar C:\Users\gogan\AppData\Local\Temp\surefire6446073090955438581 2020-08-16T16-22-36_272-jvmRun1 surefire3984132136756646393tmp surefire_08373241154605720860tmp"/>
    <property name="surefire.test.class.path" value="D:\Projects\mflix\target\test-classes;D:\Projects\mflix\target\classes;C:\Users\gogan\.m2\repository\org\springframework\boot\spring-boot-starter-web\2.0.3.RELEASE\spring-boot-starter-web-2.0.3.RELEASE.jar;C:\Users\gogan\.m2\repository\org\springframework\boot\spring-boot-starter\2.0.3.RELEASE\spring-boot-starter-2.0.3.RELEASE.jar;C:\Users\gogan\.m2\repository\org\springframework\boot\spring-boot-starter-logging\2.0.3.RELEASE\spring-boot-starter-logging-2.0.3.RELEASE.jar;C:\Users\gogan\.m2\repository\ch\qos\logback\logback-classic\1.2.3\logback-classic-1.2.3.jar;C:\Users\gogan\.m2\repository\ch\qos\logback\logback-core\1.2.3\logback-core-1.2.3.jar;C:\Users\gogan\.m2\repository\org\apache\logging\log4j\log4j-to-slf4j\2.10.0\log4j-to-slf4j-2.10.0.jar;C:\Users\gogan\.m2\repository\org\apache\logging\log4j\log4j-api\2.10.0\log4j-api-2.10.0.jar;C:\Users\gogan\.m2\repository\org\slf4j\jul-to-slf4j\1.7.25\jul-to-slf4j-1.7.25.jar;C:\Users\gogan\.m2\repository\javax\annotation\javax.annotation-api\1.3.2\javax.annotation-api-1.3.2.jar;C:\Users\gogan\.m2\repository\org\yaml\snakeyaml\1.19\snakeyaml-1.19.jar;C:\Users\gogan\.m2\repository\org\springframework\boot\spring-boot-starter-json\2.0.3.RELEASE\spring-boot-starter-json-2.0.3.RELEASE.jar;C:\Users\gogan\.m2\repository\com\fasterxml\jackson\datatype\jackson-datatype-jdk8\2.9.6\jackson-datatype-jdk8-2.9.6.jar;C:\Users\gogan\.m2\repository\com\fasterxml\jackson\datatype\jackson-datatype-jsr310\2.9.6\jackson-datatype-jsr310-2.9.6.jar;C:\Users\gogan\.m2\repository\com\fasterxml\jackson\module\jackson-module-parameter-names\2.9.6\jackson-module-parameter-names-2.9.6.jar;C:\Users\gogan\.m2\repository\org\springframework\boot\spring-boot-starter-tomcat\2.0.3.RELEASE\spring-boot-starter-tomcat-2.0.3.RELEASE.jar;C:\Users\gogan\.m2\repository\org\apache\tomcat\embed\tomcat-embed-core\8.5.31\tomcat-embed-core-8.5.31.jar;C:\Users\gogan\.m2\repository\org\apache\tomcat\embed\tomcat-embed-el\8.5.31\tomcat-embed-el-8.5.31.jar;C:\Users\gogan\.m2\repository\org\apache\tomcat\embed\tomcat-embed-websocket\8.5.31\tomcat-embed-websocket-8.5.31.jar;C:\Users\gogan\.m2\repository\org\hibernate\validator\hibernate-validator\6.0.10.Final\hibernate-validator-6.0.10.Final.jar;C:\Users\gogan\.m2\repository\javax\validation\validation-api\2.0.1.Final\validation-api-2.0.1.Final.jar;C:\Users\gogan\.m2\repository\org\jboss\logging\jboss-logging\3.3.2.Final\jboss-logging-3.3.2.Final.jar;C:\Users\gogan\.m2\repository\com\fasterxml\classmate\1.3.4\classmate-1.3.4.jar;C:\Users\gogan\.m2\repository\org\springframework\spring-webmvc\5.0.7.RELEASE\spring-webmvc-5.0.7.RELEASE.jar;C:\Users\gogan\.m2\repository\org\springframework\boot\spring-boot-starter-test\2.0.3.RELEASE\spring-boot-starter-test-2.0.3.RELEASE.jar;C:\Users\gogan\.m2\repository\org\springframework\boot\spring-boot-test\2.0.3.RELEASE\spring-boot-test-2.0.3.RELEASE.jar;C:\Users\gogan\.m2\repository\org\springframework\boot\spring-boot-test-autoconfigure\2.0.3.RELEASE\spring-boot-test-autoconfigure-2.0.3.RELEASE.jar;C:\Users\gogan\.m2\repository\com\jayway\jsonpath\json-path\2.4.0\json-path-2.4.0.jar;C:\Users\gogan\.m2\repository\net\minidev\json-smart\2.3\json-smart-2.3.jar;C:\Users\gogan\.m2\repository\net\minidev\accessors-smart\1.2\accessors-smart-1.2.jar;C:\Users\gogan\.m2\repository\org\ow2\asm\asm\5.0.4\asm-5.0.4.jar;C:\Users\gogan\.m2\repository\org\slf4j\slf4j-api\1.7.25\slf4j-api-1.7.25.jar;C:\Users\gogan\.m2\repository\junit\junit\4.12\junit-4.12.jar;C:\Users\gogan\.m2\repository\org\assertj\assertj-core\3.9.1\assertj-core-3.9.1.jar;C:\Users\gogan\.m2\repository\org\mockito\mockito-core\2.15.0\mockito-core-2.15.0.jar;C:\Users\gogan\.m2\repository\net\bytebuddy\byte-buddy\1.7.9\byte-buddy-1.7.9.jar;C:\Users\gogan\.m2\repository\net\bytebuddy\byte-buddy-agent\1.7.9\byte-buddy-agent-1.7.9.jar;C:\Users\gogan\.m2\repository\org\objenesis\objenesis\2.6\objenesis-2.6.jar;C:\Users\gogan\.m2\repository\org\hamcrest\hamcrest-core\1.3\hamcrest-core-1.3.jar;C:\Users\gogan\.m2\repository\org\hamcrest\hamcrest-library\1.3\hamcrest-library-1.3.jar;C:\Users\gogan\.m2\repository\org\skyscreamer\jsonassert\1.5.0\jsonassert-1.5.0.jar;C:\Users\gogan\.m2\repository\com\vaadin\external\google\android-json\0.0.20131108.vaadin1\android-json-0.0.20131108.vaadin1.jar;C:\Users\gogan\.m2\repository\org\springframework\spring-test\5.0.7.RELEASE\spring-test-5.0.7.RELEASE.jar;C:\Users\gogan\.m2\repository\org\xmlunit\xmlunit-core\2.5.1\xmlunit-core-2.5.1.jar;C:\Users\gogan\.m2\repository\org\springframework\boot\spring-boot-starter-security\2.0.4.RELEASE\spring-boot-starter-security-2.0.4.RELEASE.jar;C:\Users\gogan\.m2\repository\org\springframework\spring-aop\5.0.8.RELEASE\spring-aop-5.0.8.RELEASE.jar;C:\Users\gogan\.m2\repository\org\springframework\security\spring-security-config\5.0.7.RELEASE\spring-security-config-5.0.7.RELEASE.jar;C:\Users\gogan\.m2\repository\org\springframework\security\spring-security-core\5.0.7.RELEASE\spring-security-core-5.0.7.RELEASE.jar;C:\Users\gogan\.m2\repository\org\springframework\security\spring-security-web\5.0.7.RELEASE\spring-security-web-5.0.7.RELEASE.jar;C:\Users\gogan\.m2\repository\org\springframework\boot\spring-boot\2.0.4.RELEASE\spring-boot-2.0.4.RELEASE.jar;C:\Users\gogan\.m2\repository\org\springframework\spring-context\5.0.7.RELEASE\spring-context-5.0.7.RELEASE.jar;C:\Users\gogan\.m2\repository\org\springframework\spring-beans\5.0.7.RELEASE\spring-beans-5.0.7.RELEASE.jar;C:\Users\gogan\.m2\repository\org\springframework\spring-expression\5.0.7.RELEASE\spring-expression-5.0.7.RELEASE.jar;C:\Users\gogan\.m2\repository\org\springframework\spring-core\5.0.7.RELEASE\spring-core-5.0.7.RELEASE.jar;C:\Users\gogan\.m2\repository\org\springframework\spring-jcl\5.0.7.RELEASE\spring-jcl-5.0.7.RELEASE.jar;C:\Users\gogan\.m2\repository\org\springframework\boot\spring-boot-autoconfigure\2.0.3.RELEASE\spring-boot-autoconfigure-2.0.3.RELEASE.jar;C:\Users\gogan\.m2\repository\org\springframework\spring-web\5.0.7.RELEASE\spring-web-5.0.7.RELEASE.jar;C:\Users\gogan\.m2\repository\io\jsonwebtoken\jjwt\0.9.1\jjwt-0.9.1.jar;C:\Users\gogan\.m2\repository\com\fasterxml\jackson\core\jackson-databind\2.9.6\jackson-databind-2.9.6.jar;C:\Users\gogan\.m2\repository\com\fasterxml\jackson\core\jackson-annotations\2.9.0\jackson-annotations-2.9.0.jar;C:\Users\gogan\.m2\repository\com\fasterxml\jackson\core\jackson-core\2.9.6\jackson-core-2.9.6.jar;C:\Users\gogan\.m2\repository\org\junit\jupiter\junit-jupiter-api\5.1.0\junit-jupiter-api-5.1.0.jar;C:\Users\gogan\.m2\repository\org\apiguardian\apiguardian-api\1.0.0\apiguardian-api-1.0.0.jar;C:\Users\gogan\.m2\repository\org\opentest4j\opentest4j\1.0.0\opentest4j-1.0.0.jar;C:\Users\gogan\.m2\repository\org\junit\platform\junit-platform-commons\1.1.0\junit-platform-commons-1.1.0.jar;C:\Users\gogan\.m2\repository\org\mongodb\mongodb-driver-sync\3.9.1\mongodb-driver-sync-3.9.1.jar;C:\Users\gogan\.m2\repository\org\mongodb\bson\3.9.1\bson-3.9.1.jar;C:\Users\gogan\.m2\repository\org\mongodb\mongodb-driver-core\3.9.1\mongodb-driver-core-3.9.1.jar;"/>
    <property name="sun.cpu.endian" value="little"/>
    <property name="user.home" value="C:\Users\gogan"/>
    <property name="user.language" value="en"/>
    <property name="java.specification.vendor" value="Oracle Corporation"/>
    <property name="java.home" value="C:\Program Files\Java\jdk1.8.0_261\jre"/>
    <property name="basedir" value="D:\Projects\mflix"/>
    <property name="file.separator" value="\"/>
    <property name="line.separator" value="&#10;"/>
    <property name="java.vm.specification.vendor" value="Oracle Corporation"/>
    <property name="java.specification.name" value="Java Platform API Specification"/>
    <property name="java.awt.graphicsenv" value="sun.awt.Win32GraphicsEnvironment"/>
    <property name="surefire.real.class.path" value="C:\Users\gogan\AppData\Local\Temp\surefire6446073090955438581\surefirebooter7638305967795773324.jar"/>
    <property name="sun.boot.class.path" value="C:\Program Files\Java\jdk1.8.0_261\jre\lib\resources.jar;C:\Program Files\Java\jdk1.8.0_261\jre\lib\rt.jar;C:\Program Files\Java\jdk1.8.0_261\jre\lib\sunrsasign.jar;C:\Program Files\Java\jdk1.8.0_261\jre\lib\jsse.jar;C:\Program Files\Java\jdk1.8.0_261\jre\lib\jce.jar;C:\Program Files\Java\jdk1.8.0_261\jre\lib\charsets.jar;C:\Program Files\Java\jdk1.8.0_261\jre\lib\jfr.jar;C:\Program Files\Java\jdk1.8.0_261\jre\classes"/>
    <property name="user.script" value=""/>
    <property name="sun.management.compiler" value="HotSpot 64-Bit Tiered Compilers"/>
    <property name="java.runtime.version" value="1.8.0_261-b12"/>
    <property name="user.name" value="gogan"/>
    <property name="path.separator" value=";"/>
    <property name="os.version" value="10.0"/>
    <property name="java.endorsed.dirs" value="C:\Program Files\Java\jdk1.8.0_261\jre\lib\endorsed"/>
    <property name="java.runtime.name" value="Java(TM) SE Runtime Environment"/>
    <property name="file.encoding" value="Cp1252"/>
    <property name="java.vm.name" value="Java HotSpot(TM) 64-Bit Server VM"/>
    <property name="localRepository" value="C:\Users\gogan\.m2\repository"/>
    <property name="java.vendor.url.bug" value="http://bugreport.sun.com/bugreport/"/>
    <property name="java.io.tmpdir" value="C:\Users\gogan\AppData\Local\Temp\"/>
    <property name="java.version" value="1.8.0_261"/>
    <property name="user.dir" value="D:\Projects\mflix"/>
    <property name="os.arch" value="amd64"/>
    <property name="java.vm.specification.name" value="Java Virtual Machine Specification"/>
    <property name="java.awt.printerjob" value="sun.awt.windows.WPrinterJob"/>
    <property name="sun.os.patch.level" value=""/>
    <property name="java.library.path" value="C:\Program Files\Java\jdk1.8.0_261\jre\bin;C:\Windows\Sun\Java\bin;C:\Windows\system32;C:\Windows;C:\Users\gogan\bin;C:\Program Files\Git\mingw64\bin;C:\Program Files\Git\usr\local\bin;C:\Program Files\Git\usr\bin;C:\Program Files\Git\usr\bin;C:\Program Files\Git\mingw64\bin;C:\Program Files\Git\usr\bin;C:\Users\gogan\bin;C:\Program Files (x86)\Common Files\Oracle\Java\javapath;C:\Windows\system32;C:\Windows;C:\Windows\System32\Wbem;C:\Windows\System32\WindowsPowerShell\v1.0;C:\Windows\System32\OpenSSH;C:\Program Files\Java\jdk1.8.0_261\bin;C:\Program Files\Git\cmd;C:\tools\apache-maven-3.6.3\bin;C:\Program Files\MongoDB\Server\4.4\bin;C:\tools\cmder;C:\Users\gogan\AppData\Local\Microsoft\WindowsApps;C:\Users\gogan\AppData\Local\Programs\Microsoft VS Code\bin;C:\Program Files\Git\usr\bin\vendor_perl;C:\Program Files\Git\usr\bin\core_perl;."/>
    <property name="java.vm.info" value="mixed mode"/>
    <property name="java.vendor" value="Oracle Corporation"/>
    <property name="java.vm.version" value="25.261-b12"/>
    <property name="java.ext.dirs" value="C:\Program Files\Java\jdk1.8.0_261\jre\lib\ext;C:\Windows\Sun\Java\lib\ext"/>
    <property name="sun.io.unicode.encoding" value="UnicodeLittle"/>
    <property name="java.class.version" value="52.0"/>
  </properties>
  <testcase name="testConfiguredConnectionTimeoutMs" classname="mflix.api.daos.TimeoutsTest" time="0.113">
    <error type="java.lang.NullPointerException">java.lang.NullPointerException
	at mflix.api.daos.TimeoutsTest.testConfiguredConnectionTimeoutMs(TimeoutsTest.java:58)
</error>
    <system-out><![CDATA[2020-08-16 16:22:44.017  INFO 9628 --- [           main] .b.t.c.SpringBootTestContextBootstrapper : Neither @ContextConfiguration nor @ContextHierarchy found for test class [mflix.api.daos.TimeoutsTest], using SpringBootContextLoader
2020-08-16 16:22:44.018  INFO 9628 --- [           main] o.s.t.c.support.AbstractContextLoader    : Could not detect default resource locations for test class [mflix.api.daos.TimeoutsTest]: no resource found for suffixes {-context.xml, Context.groovy}.
2020-08-16 16:22:44.019  INFO 9628 --- [           main] .b.t.c.SpringBootTestContextBootstrapper : Loaded default TestExecutionListener class names from location [META-INF/spring.factories]: [org.springframework.boot.test.mock.mockito.MockitoTestExecutionListener, org.springframework.boot.test.mock.mockito.ResetMocksTestExecutionListener, org.springframework.boot.test.autoconfigure.restdocs.RestDocsTestExecutionListener, org.springframework.boot.test.autoconfigure.web.client.MockRestServiceServerResetTestExecutionListener, org.springframework.boot.test.autoconfigure.web.servlet.MockMvcPrintOnlyOnFailureTestExecutionListener, org.springframework.boot.test.autoconfigure.web.servlet.WebDriverTestExecutionListener, org.springframework.test.context.web.ServletTestExecutionListener, org.springframework.test.context.support.DirtiesContextBeforeModesTestExecutionListener, org.springframework.test.context.support.DependencyInjectionTestExecutionListener, org.springframework.test.context.support.DirtiesContextTestExecutionListener, org.springframework.test.context.transaction.TransactionalTestExecutionListener, org.springframework.test.context.jdbc.SqlScriptsTestExecutionListener]
2020-08-16 16:22:44.020  INFO 9628 --- [           main] .b.t.c.SpringBootTestContextBootstrapper : Using TestExecutionListeners: [org.springframework.test.context.web.ServletTestExecutionListener@2b680207, org.springframework.test.context.support.DirtiesContextBeforeModesTestExecutionListener@70887727, org.springframework.boot.test.mock.mockito.MockitoTestExecutionListener@56da7487, org.springframework.boot.test.autoconfigure.SpringBootDependencyInjectionTestExecutionListener@599e4d41, org.springframework.test.context.support.DirtiesContextTestExecutionListener@328d044f, org.springframework.boot.test.mock.mockito.ResetMocksTestExecutionListener@10f7c76, org.springframework.boot.test.autoconfigure.restdocs.RestDocsTestExecutionListener@4745e9c, org.springframework.boot.test.autoconfigure.web.client.MockRestServiceServerResetTestExecutionListener@2f2bff16, org.springframework.boot.test.autoconfigure.web.servlet.MockMvcPrintOnlyOnFailureTestExecutionListener@75de29c0, org.springframework.boot.test.autoconfigure.web.servlet.WebDriverTestExecutionListener@fc807c1]

  .   ____          _            __ _ _
 /\\ / ___'_ __ _ _(_)_ __  __ _ \ \ \ \
( ( )\___ | '_ | '_| | '_ \/ _` | \ \ \ \
 \\/  ___)| |_)| | | | | || (_| |  ) ) ) )
  '  |____| .__|_| |_|_| |_\__, | / / / /
 =========|_|==============|___/=/_/_/_/
 :: Spring Boot ::        (v2.0.4.RELEASE)

2020-08-16 16:22:44.030  INFO 9628 --- [           main] mflix.api.daos.TimeoutsTest              : Starting TimeoutsTest on DESKTOP-5TBIHS1 with PID 9628 (started by gogan in D:\Projects\mflix)
2020-08-16 16:22:44.030  INFO 9628 --- [           main] mflix.api.daos.TimeoutsTest              : No active profile set, falling back to default profiles: default
2020-08-16 16:22:44.032  INFO 9628 --- [           main] o.s.w.c.s.GenericWebApplicationContext   : Refreshing org.springframework.web.context.support.GenericWebApplicationContext@434514d8: startup date [Sun Aug 16 16:22:44 EEST 2020]; root of context hierarchy
2020-08-16 16:22:44.258  INFO 9628 --- [           main] org.mongodb.driver.cluster               : Cluster created with settings {hosts=[cluster0-shard-00-02.ondxs.mongodb.net:27017, cluster0-shard-00-01.ondxs.mongodb.net:27017, cluster0-shard-00-00.ondxs.mongodb.net:27017], mode=MULTIPLE, requiredClusterType=REPLICA_SET, serverSelectionTimeout='30000 ms', maxWaitQueueSize=500, requiredReplicaSetName='atlas-jhj7z6-shard-0'}
2020-08-16 16:22:44.258  INFO 9628 --- [           main] org.mongodb.driver.cluster               : Adding discovered server cluster0-shard-00-02.ondxs.mongodb.net:27017 to client view of cluster
2020-08-16 16:22:44.258  INFO 9628 --- [           main] org.mongodb.driver.cluster               : Adding discovered server cluster0-shard-00-01.ondxs.mongodb.net:27017 to client view of cluster
2020-08-16 16:22:44.258  INFO 9628 --- [           main] org.mongodb.driver.cluster               : Adding discovered server cluster0-shard-00-00.ondxs.mongodb.net:27017 to client view of cluster
2020-08-16 16:22:44.317  INFO 9628 --- [           main] o.s.w.s.handler.SimpleUrlHandlerMapping  : Mapped URL path [/**/favicon.ico] onto handler of type [class org.springframework.web.servlet.resource.ResourceHttpRequestHandler]
2020-08-16 16:22:44.374  INFO 9628 --- [           main] s.w.s.m.m.a.RequestMappingHandlerAdapter : Looking for @ControllerAdvice: org.springframework.web.context.support.GenericWebApplicationContext@434514d8: startup date [Sun Aug 16 16:22:44 EEST 2020]; root of context hierarchy
2020-08-16 16:22:44.382  INFO 9628 --- [           main] s.w.s.m.m.a.RequestMappingHandlerMapping : Mapped "{[/error]}" onto public org.springframework.http.ResponseEntity<java.util.Map<java.lang.String, java.lang.Object>> org.springframework.boot.autoconfigure.web.servlet.error.BasicErrorController.error(javax.servlet.http.HttpServletRequest)
2020-08-16 16:22:44.382  INFO 9628 --- [           main] s.w.s.m.m.a.RequestMappingHandlerMapping : Mapped "{[/error],produces=[text/html]}" onto public org.springframework.web.servlet.ModelAndView org.springframework.boot.autoconfigure.web.servlet.error.BasicErrorController.errorHtml(javax.servlet.http.HttpServletRequest,javax.servlet.http.HttpServletResponse)
2020-08-16 16:22:44.393  INFO 9628 --- [           main] o.s.w.s.handler.SimpleUrlHandlerMapping  : Mapped URL path [/webjars/**] onto handler of type [class org.springframework.web.servlet.resource.ResourceHttpRequestHandler]
2020-08-16 16:22:44.393  INFO 9628 --- [           main] o.s.w.s.handler.SimpleUrlHandlerMapping  : Mapped URL path [/**] onto handler of type [class org.springframework.web.servlet.resource.ResourceHttpRequestHandler]
2020-08-16 16:22:44.408  INFO 9628 --- [           main] o.s.b.a.w.s.WelcomePageHandlerMapping    : Adding welcome page: class path resource [build/index.html]
2020-08-16 16:22:44.450  INFO 9628 --- [           main] .s.s.UserDetailsServiceAutoConfiguration : 

Using generated security password: fb756889-cad3-411b-ba7d-d990610e9b01

2020-08-16 16:22:44.476  INFO 9628 --- [ngodb.net:27017] org.mongodb.driver.connection            : Opened connection [connectionId{localValue:21, serverValue:18076}] to cluster0-shard-00-02.ondxs.mongodb.net:27017
2020-08-16 16:22:44.476  INFO 9628 --- [ngodb.net:27017] org.mongodb.driver.connection            : Opened connection [connectionId{localValue:22, serverValue:16120}] to cluster0-shard-00-01.ondxs.mongodb.net:27017
2020-08-16 16:22:44.482  INFO 9628 --- [           main] o.s.s.web.DefaultSecurityFilterChain     : Creating filter chain: org.springframework.security.web.util.matcher.AnyRequestMatcher@1, [org.springframework.security.web.context.request.async.WebAsyncManagerIntegrationFilter@61ab89b0, org.springframework.security.web.context.SecurityContextPersistenceFilter@1cdc1bbc, org.springframework.security.web.header.HeaderWriterFilter@630b6190, org.springframework.security.web.csrf.CsrfFilter@5922d3e9, org.springframework.security.web.authentication.logout.LogoutFilter@39e69ea7, org.springframework.security.web.authentication.UsernamePasswordAuthenticationFilter@4779aae6, org.springframework.security.web.authentication.ui.DefaultLoginPageGeneratingFilter@459b6c53, org.springframework.security.web.authentication.www.BasicAuthenticationFilter@2cd62003, org.springframework.security.web.savedrequest.RequestCacheAwareFilter@5f95f1e1, org.springframework.security.web.servletapi.SecurityContextHolderAwareRequestFilter@672a1c62, org.springframework.security.web.authentication.AnonymousAuthenticationFilter@5478ce1e, org.springframework.security.web.session.SessionManagementFilter@532e27ab, org.springframework.security.web.access.ExceptionTranslationFilter@7d57dbb5, org.springframework.security.web.access.intercept.FilterSecurityInterceptor@6d0b0da6]
2020-08-16 16:22:44.491  INFO 9628 --- [ngodb.net:27017] org.mongodb.driver.connection            : Opened connection [connectionId{localValue:23, serverValue:16285}] to cluster0-shard-00-00.ondxs.mongodb.net:27017
2020-08-16 16:22:44.500  INFO 9628 --- [           main] mflix.api.daos.TimeoutsTest              : Started TimeoutsTest in 0.48 seconds (JVM running for 8.045)
2020-08-16 16:22:44.504  INFO 9628 --- [ngodb.net:27017] org.mongodb.driver.cluster               : Monitor thread successfully connected to server with description ServerDescription{address=cluster0-shard-00-02.ondxs.mongodb.net:27017, type=REPLICA_SET_PRIMARY, state=CONNECTED, ok=true, version=ServerVersion{versionList=[4, 2, 8]}, minWireVersion=0, maxWireVersion=8, maxDocumentSize=16777216, logicalSessionTimeoutMinutes=30, roundTripTimeNanos=27719600, setName='atlas-jhj7z6-shard-0', canonicalAddress=cluster0-shard-00-02.ondxs.mongodb.net:27017, hosts=[cluster0-shard-00-00.ondxs.mongodb.net:27017, cluster0-shard-00-02.ondxs.mongodb.net:27017, cluster0-shard-00-01.ondxs.mongodb.net:27017], passives=[], arbiters=[], primary='cluster0-shard-00-02.ondxs.mongodb.net:27017', tagSet=TagSet{[Tag{name='provider', value='AWS'}, Tag{name='region', value='EU_CENTRAL_1'}, Tag{name='nodeType', value='ELECTABLE'}]}, electionId=7fffffff0000000000000006, setVersion=1, lastWriteDate=Sun Aug 16 16:22:44 EEST 2020, lastUpdateTimeNanos=98191688438700}
2020-08-16 16:22:44.504  INFO 9628 --- [ngodb.net:27017] org.mongodb.driver.cluster               : Setting max election id to 7fffffff0000000000000006 from replica set primary cluster0-shard-00-02.ondxs.mongodb.net:27017
2020-08-16 16:22:44.504  INFO 9628 --- [ngodb.net:27017] org.mongodb.driver.cluster               : Setting max set version to 1 from replica set primary cluster0-shard-00-02.ondxs.mongodb.net:27017
2020-08-16 16:22:44.504  INFO 9628 --- [ngodb.net:27017] org.mongodb.driver.cluster               : Discovered replica set primary cluster0-shard-00-02.ondxs.mongodb.net:27017
2020-08-16 16:22:44.506  INFO 9628 --- [ngodb.net:27017] org.mongodb.driver.cluster               : Monitor thread successfully connected to server with description ServerDescription{address=cluster0-shard-00-01.ondxs.mongodb.net:27017, type=REPLICA_SET_SECONDARY, state=CONNECTED, ok=true, version=ServerVersion{versionList=[4, 2, 8]}, minWireVersion=0, maxWireVersion=8, maxDocumentSize=16777216, logicalSessionTimeoutMinutes=30, roundTripTimeNanos=29670600, setName='atlas-jhj7z6-shard-0', canonicalAddress=cluster0-shard-00-01.ondxs.mongodb.net:27017, hosts=[cluster0-shard-00-00.ondxs.mongodb.net:27017, cluster0-shard-00-02.ondxs.mongodb.net:27017, cluster0-shard-00-01.ondxs.mongodb.net:27017], passives=[], arbiters=[], primary='cluster0-shard-00-02.ondxs.mongodb.net:27017', tagSet=TagSet{[Tag{name='region', value='EU_CENTRAL_1'}, Tag{name='nodeType', value='ELECTABLE'}, Tag{name='provider', value='AWS'}]}, electionId=null, setVersion=1, lastWriteDate=Sun Aug 16 16:22:44 EEST 2020, lastUpdateTimeNanos=98191690405000}
2020-08-16 16:22:44.536  INFO 9628 --- [ngodb.net:27017] org.mongodb.driver.cluster               : Monitor thread successfully connected to server with description ServerDescription{address=cluster0-shard-00-00.ondxs.mongodb.net:27017, type=REPLICA_SET_SECONDARY, state=CONNECTED, ok=true, version=ServerVersion{versionList=[4, 2, 8]}, minWireVersion=0, maxWireVersion=8, maxDocumentSize=16777216, logicalSessionTimeoutMinutes=30, roundTripTimeNanos=44824500, setName='atlas-jhj7z6-shard-0', canonicalAddress=cluster0-shard-00-00.ondxs.mongodb.net:27017, hosts=[cluster0-shard-00-00.ondxs.mongodb.net:27017, cluster0-shard-00-02.ondxs.mongodb.net:27017, cluster0-shard-00-01.ondxs.mongodb.net:27017], passives=[], arbiters=[], primary='cluster0-shard-00-02.ondxs.mongodb.net:27017', tagSet=TagSet{[Tag{name='region', value='EU_CENTRAL_1'}, Tag{name='nodeType', value='ELECTABLE'}, Tag{name='provider', value='AWS'}]}, electionId=null, setVersion=1, lastWriteDate=Sun Aug 16 16:22:44 EEST 2020, lastUpdateTimeNanos=98191720511800}
2020-08-16 16:22:44.552  INFO 9628 --- [           main] org.mongodb.driver.cluster               : Cluster created with settings {hosts=[cluster0-shard-00-02.ondxs.mongodb.net:27017, cluster0-shard-00-01.ondxs.mongodb.net:27017, cluster0-shard-00-00.ondxs.mongodb.net:27017], mode=MULTIPLE, requiredClusterType=REPLICA_SET, serverSelectionTimeout='30000 ms', maxWaitQueueSize=500, requiredReplicaSetName='atlas-jhj7z6-shard-0'}
2020-08-16 16:22:44.552  INFO 9628 --- [           main] org.mongodb.driver.cluster               : Adding discovered server cluster0-shard-00-02.ondxs.mongodb.net:27017 to client view of cluster
2020-08-16 16:22:44.552  INFO 9628 --- [           main] org.mongodb.driver.cluster               : Adding discovered server cluster0-shard-00-01.ondxs.mongodb.net:27017 to client view of cluster
2020-08-16 16:22:44.552  INFO 9628 --- [           main] org.mongodb.driver.cluster               : Adding discovered server cluster0-shard-00-00.ondxs.mongodb.net:27017 to client view of cluster
]]></system-out>
  </testcase>
  <testcase name="testConfiguredWtimeout" classname="mflix.api.daos.TimeoutsTest" time="0.061">
    <error type="java.lang.NullPointerException">java.lang.NullPointerException
	at mflix.api.daos.TimeoutsTest.testConfiguredWtimeout(TimeoutsTest.java:49)
</error>
    <system-out><![CDATA[2020-08-16 16:22:44.674  INFO 9628 --- [           main] org.mongodb.driver.cluster               : Cluster created with settings {hosts=[cluster0-shard-00-00.ondxs.mongodb.net:27017, cluster0-shard-00-01.ondxs.mongodb.net:27017, cluster0-shard-00-02.ondxs.mongodb.net:27017], mode=MULTIPLE, requiredClusterType=REPLICA_SET, serverSelectionTimeout='30000 ms', maxWaitQueueSize=500, requiredReplicaSetName='atlas-jhj7z6-shard-0'}
2020-08-16 16:22:44.674  INFO 9628 --- [           main] org.mongodb.driver.cluster               : Adding discovered server cluster0-shard-00-00.ondxs.mongodb.net:27017 to client view of cluster
2020-08-16 16:22:44.674  INFO 9628 --- [           main] org.mongodb.driver.cluster               : Adding discovered server cluster0-shard-00-01.ondxs.mongodb.net:27017 to client view of cluster
2020-08-16 16:22:44.674  INFO 9628 --- [           main] org.mongodb.driver.cluster               : Adding discovered server cluster0-shard-00-02.ondxs.mongodb.net:27017 to client view of cluster
]]></system-out>
  </testcase>
</testsuite>